[debug] [2017-09-20T02:12:07.057Z] ----------------------------------------------------------------------
[debug] [2017-09-20T02:12:07.059Z] Command:       /usr/local/bin/node /usr/local/bin/firebase deploy
[debug] [2017-09-20T02:12:07.060Z] CLI Version:   3.10.1
[debug] [2017-09-20T02:12:07.060Z] Platform:      darwin
[debug] [2017-09-20T02:12:07.060Z] Node Version:  v6.11.2
[debug] [2017-09-20T02:12:07.061Z] Time:          Tue Sep 19 2017 22:12:07 GMT-0400 (EDT)
[debug] [2017-09-20T02:12:07.061Z] ----------------------------------------------------------------------
[debug] 
[debug] [2017-09-20T02:12:07.077Z] > command requires scopes: ["email","openid","https://www.googleapis.com/auth/cloudplatformprojects.readonly","https://www.googleapis.com/auth/firebase","https://www.googleapis.com/auth/cloud-platform"]
[debug] [2017-09-20T02:12:07.077Z] > authorizing via signed-in user
[debug] [2017-09-20T02:12:07.079Z] > refreshing access token with scopes: ["email","https://www.googleapis.com/auth/cloud-platform","https://www.googleapis.com/auth/cloudplatformprojects.readonly","https://www.googleapis.com/auth/firebase","openid"]
[debug] [2017-09-20T02:12:07.080Z] >>> HTTP REQUEST POST https://www.googleapis.com/oauth2/v3/token { refresh_token: '1/NWmrxho0FckEJqF-V-GAe4wj9cjjaqH9sai3uivqVoQ',
  client_id: '563584335869-fgrhgmd47bqnekij5i8b5pr03ho849e6.apps.googleusercontent.com',
  client_secret: 'j9iVZfS8kkCEFUPaAeJV0sAi',
  grant_type: 'refresh_token',
  scope: 'email https://www.googleapis.com/auth/cloud-platform https://www.googleapis.com/auth/cloudplatformprojects.readonly https://www.googleapis.com/auth/firebase openid' } 
 Tue Sep 19 2017 22:12:07 GMT-0400 (EDT)
[debug] [2017-09-20T02:12:07.255Z] <<< HTTP RESPONSE 200
[debug] [2017-09-20T02:12:07.275Z] >>> HTTP REQUEST GET https://admin.firebase.com/v1/projects/lookbook-28f7d  
 Tue Sep 19 2017 22:12:07 GMT-0400 (EDT)
[debug] [2017-09-20T02:12:07.685Z] <<< HTTP RESPONSE 200
[debug] [2017-09-20T02:12:07.686Z] >>> HTTP REQUEST GET https://admin.firebase.com/v1/database/lookbook-28f7d/tokens  
 Tue Sep 19 2017 22:12:07 GMT-0400 (EDT)
[debug] [2017-09-20T02:12:08.027Z] <<< HTTP RESPONSE 200
[info] 
[info] === Deploying to 'lookbook-28f7d'...
[info] 
[info] i  deploying hosting
[info] i  hosting: preparing . directory for upload...
[debug] [2017-09-20T02:12:09.096Z] >>> HTTP REQUEST PUT https://deploy.firebase.com/v1/hosting/lookbook-28f7d/uploads/-KuS2cR55X8dda_gEPki?fileCount=123&message=  
 Tue Sep 19 2017 22:12:09 GMT-0400 (EDT)
[debug] [2017-09-20T02:13:05.959Z] <<< HTTP RESPONSE 200
[debug] [2017-09-20T02:13:05.960Z] [hosting] .tgz uploaded successfully, waiting for extraction
[error] 
[error] Error: File upload failed: Deploy failed.
[debug] [2017-09-20T02:13:43.571Z] Error Context: {
  "duration": 46007,
  "fileCount": 123,
  "ip": "76.10.163.55",
  "start": 1505873577149,
  "status": "failed",
  "statusMessage": "Deploy failed.",
  "uid": "110345522610681909457",
  "uploadedCount": 123,
  "user": {
    "email": "jgray7019@gmail.com",
    "gaiaId": "110345522610681909457",
    "image": "https://lh3.googleusercontent.com/-XdUIqdMkCWA/AAAAAAAAAAI/AAAAAAAAAAA/4252rscbv5M/photo.jpg"
  }
}
